running egg_info
creating ../build/yahboomcar_self_nav/yahboomcar_self_nav.egg-info
writing ../build/yahboomcar_self_nav/yahboomcar_self_nav.egg-info/PKG-INFO
writing dependency_links to ../build/yahboomcar_self_nav/yahboomcar_self_nav.egg-info/dependency_links.txt
writing entry points to ../build/yahboomcar_self_nav/yahboomcar_self_nav.egg-info/entry_points.txt
writing requirements to ../build/yahboomcar_self_nav/yahboomcar_self_nav.egg-info/requires.txt
writing top-level names to ../build/yahboomcar_self_nav/yahboomcar_self_nav.egg-info/top_level.txt
writing manifest file '../build/yahboomcar_self_nav/yahboomcar_self_nav.egg-info/SOURCES.txt'
reading manifest file '../build/yahboomcar_self_nav/yahboomcar_self_nav.egg-info/SOURCES.txt'
writing manifest file '../build/yahboomcar_self_nav/yahboomcar_self_nav.egg-info/SOURCES.txt'
running build
running build_py
creating /home/suda/drone_ugv_ws/src/build/yahboomcar_self_nav/build
creating /home/suda/drone_ugv_ws/src/build/yahboomcar_self_nav/build/lib
creating /home/suda/drone_ugv_ws/src/build/yahboomcar_self_nav/build/lib/yahboomcar_self_nav
copying yahboomcar_self_nav/__init__.py -> /home/suda/drone_ugv_ws/src/build/yahboomcar_self_nav/build/lib/yahboomcar_self_nav
copying yahboomcar_self_nav/get_car_pose.py -> /home/suda/drone_ugv_ws/src/build/yahboomcar_self_nav/build/lib/yahboomcar_self_nav
copying yahboomcar_self_nav/patrol_node_new.py -> /home/suda/drone_ugv_ws/src/build/yahboomcar_self_nav/build/lib/yahboomcar_self_nav
copying yahboomcar_self_nav/nav_to_waypoints.py -> /home/suda/drone_ugv_ws/src/build/yahboomcar_self_nav/build/lib/yahboomcar_self_nav
copying yahboomcar_self_nav/set_car_initial_pose.py -> /home/suda/drone_ugv_ws/src/build/yahboomcar_self_nav/build/lib/yahboomcar_self_nav
copying yahboomcar_self_nav/nav_to_pose.py -> /home/suda/drone_ugv_ws/src/build/yahboomcar_self_nav/build/lib/yahboomcar_self_nav
copying yahboomcar_self_nav/patrol_node.py -> /home/suda/drone_ugv_ws/src/build/yahboomcar_self_nav/build/lib/yahboomcar_self_nav
running install
running install_lib
creating /home/suda/drone_ugv_ws/src/install/yahboomcar_self_nav/lib/python3.10/site-packages/yahboomcar_self_nav
copying /home/suda/drone_ugv_ws/src/build/yahboomcar_self_nav/build/lib/yahboomcar_self_nav/__init__.py -> /home/suda/drone_ugv_ws/src/install/yahboomcar_self_nav/lib/python3.10/site-packages/yahboomcar_self_nav
copying /home/suda/drone_ugv_ws/src/build/yahboomcar_self_nav/build/lib/yahboomcar_self_nav/get_car_pose.py -> /home/suda/drone_ugv_ws/src/install/yahboomcar_self_nav/lib/python3.10/site-packages/yahboomcar_self_nav
copying /home/suda/drone_ugv_ws/src/build/yahboomcar_self_nav/build/lib/yahboomcar_self_nav/patrol_node_new.py -> /home/suda/drone_ugv_ws/src/install/yahboomcar_self_nav/lib/python3.10/site-packages/yahboomcar_self_nav
copying /home/suda/drone_ugv_ws/src/build/yahboomcar_self_nav/build/lib/yahboomcar_self_nav/nav_to_waypoints.py -> /home/suda/drone_ugv_ws/src/install/yahboomcar_self_nav/lib/python3.10/site-packages/yahboomcar_self_nav
copying /home/suda/drone_ugv_ws/src/build/yahboomcar_self_nav/build/lib/yahboomcar_self_nav/set_car_initial_pose.py -> /home/suda/drone_ugv_ws/src/install/yahboomcar_self_nav/lib/python3.10/site-packages/yahboomcar_self_nav
copying /home/suda/drone_ugv_ws/src/build/yahboomcar_self_nav/build/lib/yahboomcar_self_nav/nav_to_pose.py -> /home/suda/drone_ugv_ws/src/install/yahboomcar_self_nav/lib/python3.10/site-packages/yahboomcar_self_nav
copying /home/suda/drone_ugv_ws/src/build/yahboomcar_self_nav/build/lib/yahboomcar_self_nav/patrol_node.py -> /home/suda/drone_ugv_ws/src/install/yahboomcar_self_nav/lib/python3.10/site-packages/yahboomcar_self_nav
byte-compiling /home/suda/drone_ugv_ws/src/install/yahboomcar_self_nav/lib/python3.10/site-packages/yahboomcar_self_nav/__init__.py to __init__.cpython-310.pyc
byte-compiling /home/suda/drone_ugv_ws/src/install/yahboomcar_self_nav/lib/python3.10/site-packages/yahboomcar_self_nav/get_car_pose.py to get_car_pose.cpython-310.pyc
byte-compiling /home/suda/drone_ugv_ws/src/install/yahboomcar_self_nav/lib/python3.10/site-packages/yahboomcar_self_nav/patrol_node_new.py to patrol_node_new.cpython-310.pyc
byte-compiling /home/suda/drone_ugv_ws/src/install/yahboomcar_self_nav/lib/python3.10/site-packages/yahboomcar_self_nav/nav_to_waypoints.py to nav_to_waypoints.cpython-310.pyc
byte-compiling /home/suda/drone_ugv_ws/src/install/yahboomcar_self_nav/lib/python3.10/site-packages/yahboomcar_self_nav/set_car_initial_pose.py to set_car_initial_pose.cpython-310.pyc
byte-compiling /home/suda/drone_ugv_ws/src/install/yahboomcar_self_nav/lib/python3.10/site-packages/yahboomcar_self_nav/nav_to_pose.py to nav_to_pose.cpython-310.pyc
byte-compiling /home/suda/drone_ugv_ws/src/install/yahboomcar_self_nav/lib/python3.10/site-packages/yahboomcar_self_nav/patrol_node.py to patrol_node.cpython-310.pyc
running install_data
creating /home/suda/drone_ugv_ws/src/install/yahboomcar_self_nav/share/ament_index
creating /home/suda/drone_ugv_ws/src/install/yahboomcar_self_nav/share/ament_index/resource_index
creating /home/suda/drone_ugv_ws/src/install/yahboomcar_self_nav/share/ament_index/resource_index/packages
copying resource/yahboomcar_self_nav -> /home/suda/drone_ugv_ws/src/install/yahboomcar_self_nav/share/ament_index/resource_index/packages
copying package.xml -> /home/suda/drone_ugv_ws/src/install/yahboomcar_self_nav/share/yahboomcar_self_nav
creating /home/suda/drone_ugv_ws/src/install/yahboomcar_self_nav/share/yahboomcar_self_nav/launch
copying launch/navigation_test.launch.py -> /home/suda/drone_ugv_ws/src/install/yahboomcar_self_nav/share/yahboomcar_self_nav/launch
copying launch/autopatrol.launch.py -> /home/suda/drone_ugv_ws/src/install/yahboomcar_self_nav/share/yahboomcar_self_nav/launch
creating /home/suda/drone_ugv_ws/src/install/yahboomcar_self_nav/share/yahboomcar_self_nav/config
copying config/nav2_params.yaml -> /home/suda/drone_ugv_ws/src/install/yahboomcar_self_nav/share/yahboomcar_self_nav/config
copying config/patrol_config.yaml -> /home/suda/drone_ugv_ws/src/install/yahboomcar_self_nav/share/yahboomcar_self_nav/config
creating /home/suda/drone_ugv_ws/src/install/yahboomcar_self_nav/share/yahboomcar_self_nav/maps
copying maps/yahboomcar.pgm -> /home/suda/drone_ugv_ws/src/install/yahboomcar_self_nav/share/yahboomcar_self_nav/maps
copying maps/yahboomcar.yaml -> /home/suda/drone_ugv_ws/src/install/yahboomcar_self_nav/share/yahboomcar_self_nav/maps
running install_egg_info
Copying ../build/yahboomcar_self_nav/yahboomcar_self_nav.egg-info to /home/suda/drone_ugv_ws/src/install/yahboomcar_self_nav/lib/python3.10/site-packages/yahboomcar_self_nav-0.0.0-py3.10.egg-info
running install_scripts
Installing get_car_pose script to /home/suda/drone_ugv_ws/src/install/yahboomcar_self_nav/lib/yahboomcar_self_nav
Installing nav_to_pose script to /home/suda/drone_ugv_ws/src/install/yahboomcar_self_nav/lib/yahboomcar_self_nav
Installing nav_to_waypoints script to /home/suda/drone_ugv_ws/src/install/yahboomcar_self_nav/lib/yahboomcar_self_nav
Installing patrol_node script to /home/suda/drone_ugv_ws/src/install/yahboomcar_self_nav/lib/yahboomcar_self_nav
Installing set_car_initial_pose script to /home/suda/drone_ugv_ws/src/install/yahboomcar_self_nav/lib/yahboomcar_self_nav
writing list of installed files to '/home/suda/drone_ugv_ws/src/build/yahboomcar_self_nav/install.log'
