/home/suda/drone_ugv_ws/src/install/yahboomcar_self_nav/lib/python3.10/site-packages/yahboomcar_self_nav/__init__.py
/home/suda/drone_ugv_ws/src/install/yahboomcar_self_nav/lib/python3.10/site-packages/yahboomcar_self_nav/get_car_pose.py
/home/suda/drone_ugv_ws/src/install/yahboomcar_self_nav/lib/python3.10/site-packages/yahboomcar_self_nav/patrol_node_new.py
/home/suda/drone_ugv_ws/src/install/yahboomcar_self_nav/lib/python3.10/site-packages/yahboomcar_self_nav/nav_to_waypoints.py
/home/suda/drone_ugv_ws/src/install/yahboomcar_self_nav/lib/python3.10/site-packages/yahboomcar_self_nav/set_car_initial_pose.py
/home/suda/drone_ugv_ws/src/install/yahboomcar_self_nav/lib/python3.10/site-packages/yahboomcar_self_nav/nav_to_pose.py
/home/suda/drone_ugv_ws/src/install/yahboomcar_self_nav/lib/python3.10/site-packages/yahboomcar_self_nav/patrol_node.py
/home/suda/drone_ugv_ws/src/install/yahboomcar_self_nav/lib/python3.10/site-packages/yahboomcar_self_nav/__pycache__/__init__.cpython-310.pyc
/home/suda/drone_ugv_ws/src/install/yahboomcar_self_nav/lib/python3.10/site-packages/yahboomcar_self_nav/__pycache__/get_car_pose.cpython-310.pyc
/home/suda/drone_ugv_ws/src/install/yahboomcar_self_nav/lib/python3.10/site-packages/yahboomcar_self_nav/__pycache__/patrol_node_new.cpython-310.pyc
/home/suda/drone_ugv_ws/src/install/yahboomcar_self_nav/lib/python3.10/site-packages/yahboomcar_self_nav/__pycache__/nav_to_waypoints.cpython-310.pyc
/home/suda/drone_ugv_ws/src/install/yahboomcar_self_nav/lib/python3.10/site-packages/yahboomcar_self_nav/__pycache__/set_car_initial_pose.cpython-310.pyc
/home/suda/drone_ugv_ws/src/install/yahboomcar_self_nav/lib/python3.10/site-packages/yahboomcar_self_nav/__pycache__/nav_to_pose.cpython-310.pyc
/home/suda/drone_ugv_ws/src/install/yahboomcar_self_nav/lib/python3.10/site-packages/yahboomcar_self_nav/__pycache__/patrol_node.cpython-310.pyc
/home/suda/drone_ugv_ws/src/install/yahboomcar_self_nav/share/ament_index/resource_index/packages/yahboomcar_self_nav
/home/suda/drone_ugv_ws/src/install/yahboomcar_self_nav/share/yahboomcar_self_nav/package.xml
/home/suda/drone_ugv_ws/src/install/yahboomcar_self_nav/share/yahboomcar_self_nav/launch/navigation_test.launch.py
/home/suda/drone_ugv_ws/src/install/yahboomcar_self_nav/share/yahboomcar_self_nav/launch/autopatrol.launch.py
/home/suda/drone_ugv_ws/src/install/yahboomcar_self_nav/share/yahboomcar_self_nav/config/nav2_params.yaml
/home/suda/drone_ugv_ws/src/install/yahboomcar_self_nav/share/yahboomcar_self_nav/config/patrol_config.yaml
/home/suda/drone_ugv_ws/src/install/yahboomcar_self_nav/share/yahboomcar_self_nav/maps/yahboomcar.pgm
/home/suda/drone_ugv_ws/src/install/yahboomcar_self_nav/share/yahboomcar_self_nav/maps/yahboomcar.yaml
/home/suda/drone_ugv_ws/src/install/yahboomcar_self_nav/lib/python3.10/site-packages/yahboomcar_self_nav-0.0.0-py3.10.egg-info/SOURCES.txt
/home/suda/drone_ugv_ws/src/install/yahboomcar_self_nav/lib/python3.10/site-packages/yahboomcar_self_nav-0.0.0-py3.10.egg-info/dependency_links.txt
/home/suda/drone_ugv_ws/src/install/yahboomcar_self_nav/lib/python3.10/site-packages/yahboomcar_self_nav-0.0.0-py3.10.egg-info/entry_points.txt
/home/suda/drone_ugv_ws/src/install/yahboomcar_self_nav/lib/python3.10/site-packages/yahboomcar_self_nav-0.0.0-py3.10.egg-info/top_level.txt
/home/suda/drone_ugv_ws/src/install/yahboomcar_self_nav/lib/python3.10/site-packages/yahboomcar_self_nav-0.0.0-py3.10.egg-info/PKG-INFO
/home/suda/drone_ugv_ws/src/install/yahboomcar_self_nav/lib/python3.10/site-packages/yahboomcar_self_nav-0.0.0-py3.10.egg-info/requires.txt
/home/suda/drone_ugv_ws/src/install/yahboomcar_self_nav/lib/python3.10/site-packages/yahboomcar_self_nav-0.0.0-py3.10.egg-info/zip-safe
/home/suda/drone_ugv_ws/src/install/yahboomcar_self_nav/lib/yahboomcar_self_nav/get_car_pose
/home/suda/drone_ugv_ws/src/install/yahboomcar_self_nav/lib/yahboomcar_self_nav/nav_to_pose
/home/suda/drone_ugv_ws/src/install/yahboomcar_self_nav/lib/yahboomcar_self_nav/nav_to_waypoints
/home/suda/drone_ugv_ws/src/install/yahboomcar_self_nav/lib/yahboomcar_self_nav/patrol_node
/home/suda/drone_ugv_ws/src/install/yahboomcar_self_nav/lib/yahboomcar_self_nav/set_car_initial_pose
