running egg_info
creating ../build/yahboomcar_nav/yahboomcar_nav.egg-info
writing ../build/yahboomcar_nav/yahboomcar_nav.egg-info/PKG-INFO
writing dependency_links to ../build/yahboomcar_nav/yahboomcar_nav.egg-info/dependency_links.txt
writing entry points to ../build/yahboomcar_nav/yahboomcar_nav.egg-info/entry_points.txt
writing requirements to ../build/yahboomcar_nav/yahboomcar_nav.egg-info/requires.txt
writing top-level names to ../build/yahboomcar_nav/yahboomcar_nav.egg-info/top_level.txt
writing manifest file '../build/yahboomcar_nav/yahboomcar_nav.egg-info/SOURCES.txt'
reading manifest file '../build/yahboomcar_nav/yahboomcar_nav.egg-info/SOURCES.txt'
writing manifest file '../build/yahboomcar_nav/yahboomcar_nav.egg-info/SOURCES.txt'
running build
running build_py
creating /home/suda/drone_ugv_ws/src/build/yahboomcar_nav/build
creating /home/suda/drone_ugv_ws/src/build/yahboomcar_nav/build/lib
creating /home/suda/drone_ugv_ws/src/build/yahboomcar_nav/build/lib/yahboomcar_nav
copying yahboomcar_nav/scan_filter.py -> /home/suda/drone_ugv_ws/src/build/yahboomcar_nav/build/lib/yahboomcar_nav
copying yahboomcar_nav/__init__.py -> /home/suda/drone_ugv_ws/src/build/yahboomcar_nav/build/lib/yahboomcar_nav
running install
running install_lib
creating /home/suda/drone_ugv_ws/src/install/yahboomcar_nav/lib/python3.10/site-packages/yahboomcar_nav
copying /home/suda/drone_ugv_ws/src/build/yahboomcar_nav/build/lib/yahboomcar_nav/scan_filter.py -> /home/suda/drone_ugv_ws/src/install/yahboomcar_nav/lib/python3.10/site-packages/yahboomcar_nav
copying /home/suda/drone_ugv_ws/src/build/yahboomcar_nav/build/lib/yahboomcar_nav/__init__.py -> /home/suda/drone_ugv_ws/src/install/yahboomcar_nav/lib/python3.10/site-packages/yahboomcar_nav
byte-compiling /home/suda/drone_ugv_ws/src/install/yahboomcar_nav/lib/python3.10/site-packages/yahboomcar_nav/scan_filter.py to scan_filter.cpython-310.pyc
byte-compiling /home/suda/drone_ugv_ws/src/install/yahboomcar_nav/lib/python3.10/site-packages/yahboomcar_nav/__init__.py to __init__.cpython-310.pyc
running install_data
creating /home/suda/drone_ugv_ws/src/install/yahboomcar_nav/share/ament_index
creating /home/suda/drone_ugv_ws/src/install/yahboomcar_nav/share/ament_index/resource_index
creating /home/suda/drone_ugv_ws/src/install/yahboomcar_nav/share/ament_index/resource_index/packages
copying resource/yahboomcar_nav -> /home/suda/drone_ugv_ws/src/install/yahboomcar_nav/share/ament_index/resource_index/packages
copying package.xml -> /home/suda/drone_ugv_ws/src/install/yahboomcar_nav/share/yahboomcar_nav
creating /home/suda/drone_ugv_ws/src/install/yahboomcar_nav/share/yahboomcar_nav/launch
copying launch/display_rtabmap_map_launch.py -> /home/suda/drone_ugv_ws/src/install/yahboomcar_nav/share/yahboomcar_nav/launch
copying launch/map_gmapping_launch.py -> /home/suda/drone_ugv_ws/src/install/yahboomcar_nav/share/yahboomcar_nav/launch
copying launch/navigation_rtabmap_launch.py -> /home/suda/drone_ugv_ws/src/install/yahboomcar_nav/share/yahboomcar_nav/launch
copying launch/rtabmap_viz_launch.py -> /home/suda/drone_ugv_ws/src/install/yahboomcar_nav/share/yahboomcar_nav/launch
copying launch/display_nav_launch.py -> /home/suda/drone_ugv_ws/src/install/yahboomcar_nav/share/yahboomcar_nav/launch
copying launch/rtabmap_localization_launch.py -> /home/suda/drone_ugv_ws/src/install/yahboomcar_nav/share/yahboomcar_nav/launch
copying launch/rtabmap_sync_launch.py -> /home/suda/drone_ugv_ws/src/install/yahboomcar_nav/share/yahboomcar_nav/launch
copying launch/display_rtabmap_nav_launch.py -> /home/suda/drone_ugv_ws/src/install/yahboomcar_nav/share/yahboomcar_nav/launch
copying launch/navigation_teb_launch.py -> /home/suda/drone_ugv_ws/src/install/yahboomcar_nav/share/yahboomcar_nav/launch
copying launch/navigation_default_launch.py -> /home/suda/drone_ugv_ws/src/install/yahboomcar_nav/share/yahboomcar_nav/launch
copying launch/display_map_launch.py -> /home/suda/drone_ugv_ws/src/install/yahboomcar_nav/share/yahboomcar_nav/launch
copying launch/occupancy_grid_launch.py -> /home/suda/drone_ugv_ws/src/install/yahboomcar_nav/share/yahboomcar_nav/launch
copying launch/map_cartographer_launch.py -> /home/suda/drone_ugv_ws/src/install/yahboomcar_nav/share/yahboomcar_nav/launch
copying launch/map_rtabmap_launch.py -> /home/suda/drone_ugv_ws/src/install/yahboomcar_nav/share/yahboomcar_nav/launch
copying launch/cartographer_launch.py -> /home/suda/drone_ugv_ws/src/install/yahboomcar_nav/share/yahboomcar_nav/launch
copying launch/map_gmapping_a1_launch.py -> /home/suda/drone_ugv_ws/src/install/yahboomcar_nav/share/yahboomcar_nav/launch
copying launch/laser_bringup_launch.py -> /home/suda/drone_ugv_ws/src/install/yahboomcar_nav/share/yahboomcar_nav/launch
copying launch/map_gmapping_4ros_s2_launch.py -> /home/suda/drone_ugv_ws/src/install/yahboomcar_nav/share/yahboomcar_nav/launch
copying launch/rtabmap_nav_launch.py -> /home/suda/drone_ugv_ws/src/install/yahboomcar_nav/share/yahboomcar_nav/launch
copying launch/save_map_launch.py -> /home/suda/drone_ugv_ws/src/install/yahboomcar_nav/share/yahboomcar_nav/launch
copying launch/navigation_dwa_launch.py -> /home/suda/drone_ugv_ws/src/install/yahboomcar_nav/share/yahboomcar_nav/launch
creating /home/suda/drone_ugv_ws/src/install/yahboomcar_nav/share/yahboomcar_nav/rviz
copying rviz/rtabmap_map.rviz -> /home/suda/drone_ugv_ws/src/install/yahboomcar_nav/share/yahboomcar_nav/rviz
copying rviz/nav.rviz -> /home/suda/drone_ugv_ws/src/install/yahboomcar_nav/share/yahboomcar_nav/rviz
copying rviz/rtabmap_nav.rviz -> /home/suda/drone_ugv_ws/src/install/yahboomcar_nav/share/yahboomcar_nav/rviz
copying rviz/map.rviz -> /home/suda/drone_ugv_ws/src/install/yahboomcar_nav/share/yahboomcar_nav/rviz
creating /home/suda/drone_ugv_ws/src/install/yahboomcar_nav/share/yahboomcar_nav/params
copying params/nav2_params.yaml -> /home/suda/drone_ugv_ws/src/install/yahboomcar_nav/share/yahboomcar_nav/params
copying params/lds_2d.lua -> /home/suda/drone_ugv_ws/src/install/yahboomcar_nav/share/yahboomcar_nav/params
copying params/dwa_nav_params.yaml -> /home/suda/drone_ugv_ws/src/install/yahboomcar_nav/share/yahboomcar_nav/params
copying params/rtabmap_nav_params.yaml -> /home/suda/drone_ugv_ws/src/install/yahboomcar_nav/share/yahboomcar_nav/params
copying params/teb_nav_params.yaml -> /home/suda/drone_ugv_ws/src/install/yahboomcar_nav/share/yahboomcar_nav/params
creating /home/suda/drone_ugv_ws/src/install/yahboomcar_nav/share/yahboomcar_nav/maps
copying maps/yahboomcar2.yaml -> /home/suda/drone_ugv_ws/src/install/yahboomcar_nav/share/yahboomcar_nav/maps
copying maps/yahboomcar.pgm -> /home/suda/drone_ugv_ws/src/install/yahboomcar_nav/share/yahboomcar_nav/maps
copying maps/room.yaml -> /home/suda/drone_ugv_ws/src/install/yahboomcar_nav/share/yahboomcar_nav/maps
copying maps/yahboomcar.yaml -> /home/suda/drone_ugv_ws/src/install/yahboomcar_nav/share/yahboomcar_nav/maps
copying maps/room.pgm -> /home/suda/drone_ugv_ws/src/install/yahboomcar_nav/share/yahboomcar_nav/maps
copying maps/yahboomcar2.pgm -> /home/suda/drone_ugv_ws/src/install/yahboomcar_nav/share/yahboomcar_nav/maps
running install_egg_info
Copying ../build/yahboomcar_nav/yahboomcar_nav.egg-info to /home/suda/drone_ugv_ws/src/install/yahboomcar_nav/lib/python3.10/site-packages/yahboomcar_nav-0.0.0-py3.10.egg-info
running install_scripts
Installing scan_filter script to /home/suda/drone_ugv_ws/src/install/yahboomcar_nav/lib/yahboomcar_nav
writing list of installed files to '/home/suda/drone_ugv_ws/src/build/yahboomcar_nav/install.log'
