[0.395s] Invoking command in '/home/suda/drone_ugv_ws/src/yahboomcar_nav': PYTHONPATH=/home/suda/drone_ugv_ws/src/build/yahboomcar_nav/prefix_override:/usr/lib/python3/dist-packages/colcon_core/task/python/colcon_distutils_commands:/home/suda/drone_ugv_ws/src/install/yahboomcar_nav/lib/python3.10/site-packages:${PYTHONPATH} /usr/bin/python3 -W ignore:setup.py install is deprecated -W ignore:easy_install command is deprecated setup.py egg_info --egg-base ../build/yahboomcar_nav build --build-base /home/suda/drone_ugv_ws/src/build/yahboomcar_nav/build install --record /home/suda/drone_ugv_ws/src/build/yahboomcar_nav/install.log --install-scripts $base/lib/yahboomcar_nav --single-version-externally-managed install_data
[0.496s] /usr/lib/python3/dist-packages/setuptools/dist.py:723: UserWarning: Usage of dash-separated 'script-dir' will not be supported in future versions. Please use the underscore name 'script_dir' instead
[0.496s]   warnings.warn(
[0.500s] running egg_info
[0.501s] creating ../build/yahboomcar_nav/yahboomcar_nav.egg-info
[0.501s] writing ../build/yahboomcar_nav/yahboomcar_nav.egg-info/PKG-INFO
[0.501s] writing dependency_links to ../build/yahboomcar_nav/yahboomcar_nav.egg-info/dependency_links.txt
[0.501s] writing entry points to ../build/yahboomcar_nav/yahboomcar_nav.egg-info/entry_points.txt
[0.501s] writing requirements to ../build/yahboomcar_nav/yahboomcar_nav.egg-info/requires.txt
[0.501s] writing top-level names to ../build/yahboomcar_nav/yahboomcar_nav.egg-info/top_level.txt
[0.501s] writing manifest file '../build/yahboomcar_nav/yahboomcar_nav.egg-info/SOURCES.txt'
[0.501s] reading manifest file '../build/yahboomcar_nav/yahboomcar_nav.egg-info/SOURCES.txt'
[0.502s] writing manifest file '../build/yahboomcar_nav/yahboomcar_nav.egg-info/SOURCES.txt'
[0.502s] running build
[0.502s] running build_py
[0.502s] creating /home/suda/drone_ugv_ws/src/build/yahboomcar_nav/build
[0.502s] creating /home/suda/drone_ugv_ws/src/build/yahboomcar_nav/build/lib
[0.502s] creating /home/suda/drone_ugv_ws/src/build/yahboomcar_nav/build/lib/yahboomcar_nav
[0.502s] copying yahboomcar_nav/scan_filter.py -> /home/suda/drone_ugv_ws/src/build/yahboomcar_nav/build/lib/yahboomcar_nav
[0.502s] copying yahboomcar_nav/__init__.py -> /home/suda/drone_ugv_ws/src/build/yahboomcar_nav/build/lib/yahboomcar_nav
[0.503s] running install
[0.503s] running install_lib
[0.503s] creating /home/suda/drone_ugv_ws/src/install/yahboomcar_nav/lib/python3.10/site-packages/yahboomcar_nav
[0.503s] copying /home/suda/drone_ugv_ws/src/build/yahboomcar_nav/build/lib/yahboomcar_nav/scan_filter.py -> /home/suda/drone_ugv_ws/src/install/yahboomcar_nav/lib/python3.10/site-packages/yahboomcar_nav
[0.503s] copying /home/suda/drone_ugv_ws/src/build/yahboomcar_nav/build/lib/yahboomcar_nav/__init__.py -> /home/suda/drone_ugv_ws/src/install/yahboomcar_nav/lib/python3.10/site-packages/yahboomcar_nav
[0.503s] byte-compiling /home/suda/drone_ugv_ws/src/install/yahboomcar_nav/lib/python3.10/site-packages/yahboomcar_nav/scan_filter.py to scan_filter.cpython-310.pyc
[0.503s] byte-compiling /home/suda/drone_ugv_ws/src/install/yahboomcar_nav/lib/python3.10/site-packages/yahboomcar_nav/__init__.py to __init__.cpython-310.pyc
[0.503s] running install_data
[0.504s] creating /home/suda/drone_ugv_ws/src/install/yahboomcar_nav/share/ament_index
[0.504s] creating /home/suda/drone_ugv_ws/src/install/yahboomcar_nav/share/ament_index/resource_index
[0.504s] creating /home/suda/drone_ugv_ws/src/install/yahboomcar_nav/share/ament_index/resource_index/packages
[0.504s] copying resource/yahboomcar_nav -> /home/suda/drone_ugv_ws/src/install/yahboomcar_nav/share/ament_index/resource_index/packages
[0.504s] copying package.xml -> /home/suda/drone_ugv_ws/src/install/yahboomcar_nav/share/yahboomcar_nav
[0.504s] creating /home/suda/drone_ugv_ws/src/install/yahboomcar_nav/share/yahboomcar_nav/launch
[0.504s] copying launch/display_rtabmap_map_launch.py -> /home/suda/drone_ugv_ws/src/install/yahboomcar_nav/share/yahboomcar_nav/launch
[0.504s] copying launch/map_gmapping_launch.py -> /home/suda/drone_ugv_ws/src/install/yahboomcar_nav/share/yahboomcar_nav/launch
[0.504s] copying launch/navigation_rtabmap_launch.py -> /home/suda/drone_ugv_ws/src/install/yahboomcar_nav/share/yahboomcar_nav/launch
[0.504s] copying launch/rtabmap_viz_launch.py -> /home/suda/drone_ugv_ws/src/install/yahboomcar_nav/share/yahboomcar_nav/launch
[0.504s] copying launch/display_nav_launch.py -> /home/suda/drone_ugv_ws/src/install/yahboomcar_nav/share/yahboomcar_nav/launch
[0.504s] copying launch/rtabmap_localization_launch.py -> /home/suda/drone_ugv_ws/src/install/yahboomcar_nav/share/yahboomcar_nav/launch
[0.504s] copying launch/rtabmap_sync_launch.py -> /home/suda/drone_ugv_ws/src/install/yahboomcar_nav/share/yahboomcar_nav/launch
[0.504s] copying launch/display_rtabmap_nav_launch.py -> /home/suda/drone_ugv_ws/src/install/yahboomcar_nav/share/yahboomcar_nav/launch
[0.504s] copying launch/navigation_teb_launch.py -> /home/suda/drone_ugv_ws/src/install/yahboomcar_nav/share/yahboomcar_nav/launch
[0.504s] copying launch/navigation_default_launch.py -> /home/suda/drone_ugv_ws/src/install/yahboomcar_nav/share/yahboomcar_nav/launch
[0.505s] copying launch/display_map_launch.py -> /home/suda/drone_ugv_ws/src/install/yahboomcar_nav/share/yahboomcar_nav/launch
[0.505s] copying launch/occupancy_grid_launch.py -> /home/suda/drone_ugv_ws/src/install/yahboomcar_nav/share/yahboomcar_nav/launch
[0.505s] copying launch/map_cartographer_launch.py -> /home/suda/drone_ugv_ws/src/install/yahboomcar_nav/share/yahboomcar_nav/launch
[0.505s] copying launch/map_rtabmap_launch.py -> /home/suda/drone_ugv_ws/src/install/yahboomcar_nav/share/yahboomcar_nav/launch
[0.505s] copying launch/cartographer_launch.py -> /home/suda/drone_ugv_ws/src/install/yahboomcar_nav/share/yahboomcar_nav/launch
[0.505s] copying launch/map_gmapping_a1_launch.py -> /home/suda/drone_ugv_ws/src/install/yahboomcar_nav/share/yahboomcar_nav/launch
[0.505s] copying launch/laser_bringup_launch.py -> /home/suda/drone_ugv_ws/src/install/yahboomcar_nav/share/yahboomcar_nav/launch
[0.505s] copying launch/map_gmapping_4ros_s2_launch.py -> /home/suda/drone_ugv_ws/src/install/yahboomcar_nav/share/yahboomcar_nav/launch
[0.505s] copying launch/rtabmap_nav_launch.py -> /home/suda/drone_ugv_ws/src/install/yahboomcar_nav/share/yahboomcar_nav/launch
[0.505s] copying launch/save_map_launch.py -> /home/suda/drone_ugv_ws/src/install/yahboomcar_nav/share/yahboomcar_nav/launch
[0.505s] copying launch/navigation_dwa_launch.py -> /home/suda/drone_ugv_ws/src/install/yahboomcar_nav/share/yahboomcar_nav/launch
[0.505s] creating /home/suda/drone_ugv_ws/src/install/yahboomcar_nav/share/yahboomcar_nav/rviz
[0.505s] copying rviz/rtabmap_map.rviz -> /home/suda/drone_ugv_ws/src/install/yahboomcar_nav/share/yahboomcar_nav/rviz
[0.505s] copying rviz/nav.rviz -> /home/suda/drone_ugv_ws/src/install/yahboomcar_nav/share/yahboomcar_nav/rviz
[0.505s] copying rviz/rtabmap_nav.rviz -> /home/suda/drone_ugv_ws/src/install/yahboomcar_nav/share/yahboomcar_nav/rviz
[0.505s] copying rviz/map.rviz -> /home/suda/drone_ugv_ws/src/install/yahboomcar_nav/share/yahboomcar_nav/rviz
[0.505s] creating /home/suda/drone_ugv_ws/src/install/yahboomcar_nav/share/yahboomcar_nav/params
[0.505s] copying params/nav2_params.yaml -> /home/suda/drone_ugv_ws/src/install/yahboomcar_nav/share/yahboomcar_nav/params
[0.505s] copying params/lds_2d.lua -> /home/suda/drone_ugv_ws/src/install/yahboomcar_nav/share/yahboomcar_nav/params
[0.505s] copying params/dwa_nav_params.yaml -> /home/suda/drone_ugv_ws/src/install/yahboomcar_nav/share/yahboomcar_nav/params
[0.505s] copying params/rtabmap_nav_params.yaml -> /home/suda/drone_ugv_ws/src/install/yahboomcar_nav/share/yahboomcar_nav/params
[0.506s] copying params/teb_nav_params.yaml -> /home/suda/drone_ugv_ws/src/install/yahboomcar_nav/share/yahboomcar_nav/params
[0.506s] creating /home/suda/drone_ugv_ws/src/install/yahboomcar_nav/share/yahboomcar_nav/maps
[0.506s] copying maps/yahboomcar2.yaml -> /home/suda/drone_ugv_ws/src/install/yahboomcar_nav/share/yahboomcar_nav/maps
[0.506s] copying maps/yahboomcar.pgm -> /home/suda/drone_ugv_ws/src/install/yahboomcar_nav/share/yahboomcar_nav/maps
[0.506s] copying maps/room.yaml -> /home/suda/drone_ugv_ws/src/install/yahboomcar_nav/share/yahboomcar_nav/maps
[0.506s] copying maps/yahboomcar.yaml -> /home/suda/drone_ugv_ws/src/install/yahboomcar_nav/share/yahboomcar_nav/maps
[0.506s] copying maps/room.pgm -> /home/suda/drone_ugv_ws/src/install/yahboomcar_nav/share/yahboomcar_nav/maps
[0.506s] copying maps/yahboomcar2.pgm -> /home/suda/drone_ugv_ws/src/install/yahboomcar_nav/share/yahboomcar_nav/maps
[0.506s] running install_egg_info
[0.506s] Copying ../build/yahboomcar_nav/yahboomcar_nav.egg-info to /home/suda/drone_ugv_ws/src/install/yahboomcar_nav/lib/python3.10/site-packages/yahboomcar_nav-0.0.0-py3.10.egg-info
[0.506s] running install_scripts
[0.515s] Installing scan_filter script to /home/suda/drone_ugv_ws/src/install/yahboomcar_nav/lib/yahboomcar_nav
[0.515s] writing list of installed files to '/home/suda/drone_ugv_ws/src/build/yahboomcar_nav/install.log'
[0.530s] Invoked command in '/home/suda/drone_ugv_ws/src/yahboomcar_nav' returned '0': PYTHONPATH=/home/suda/drone_ugv_ws/src/build/yahboomcar_nav/prefix_override:/usr/lib/python3/dist-packages/colcon_core/task/python/colcon_distutils_commands:/home/suda/drone_ugv_ws/src/install/yahboomcar_nav/lib/python3.10/site-packages:${PYTHONPATH} /usr/bin/python3 -W ignore:setup.py install is deprecated -W ignore:easy_install command is deprecated setup.py egg_info --egg-base ../build/yahboomcar_nav build --build-base /home/suda/drone_ugv_ws/src/build/yahboomcar_nav/build install --record /home/suda/drone_ugv_ws/src/build/yahboomcar_nav/install.log --install-scripts $base/lib/yahboomcar_nav --single-version-externally-managed install_data
